2025.01.03 23:44:28 INFO  Started: Metals version 1.4.2 in folders '/Users/sightes/Documents/GITHUB/2025_Coffe_Project' for client Visual Studio Code 1.96.2.
2025.01.03 23:44:28 INFO  no build target found for /Users/sightes/Documents/GITHUB/2025_Coffe_Project/scala_haversine_distance/src/main/scala/Main.scala. Using presentation compiler with project's scala-library version: 3.3.4
2025.01.03 23:44:29 INFO  no build target found for /Users/sightes/Documents/GITHUB/2025_Coffe_Project/scala_haversine_distance/src/main/scala/Main.scala. Using presentation compiler with project's scala-library version: 3.3.4
2025.01.03 23:46:06 INFO  no build target found for /Users/sightes/Documents/GITHUB/2025_Coffe_Project/scala_haversine_distance/src/main/scala/Main.scala. Using presentation compiler with project's scala-library version: 3.3.4
2025.01.03 23:46:06 INFO  no build target found for /Users/sightes/Documents/GITHUB/2025_Coffe_Project/scala_haversine_distance/src/main/scala/Main.scala. Using presentation compiler with project's scala-library version: 3.3.4
2025.01.03 23:46:06 INFO  no build target found for /Users/sightes/Documents/GITHUB/2025_Coffe_Project/scala_haversine_distance/src/main/scala/Main.scala. Using presentation compiler with project's scala-library version: 3.3.4
2025.01.03 23:46:07 INFO  no build target found for /Users/sightes/Documents/GITHUB/2025_Coffe_Project/scala_haversine_distance/src/main/scala/Main.scala. Using presentation compiler with project's scala-library version: 3.3.4
2025.01.03 23:46:07 INFO  no build target found for /Users/sightes/Documents/GITHUB/2025_Coffe_Project/scala_haversine_distance/src/main/scala/Main.scala. Using presentation compiler with project's scala-library version: 3.3.4
2025.01.03 23:46:08 INFO  no build target found for /Users/sightes/Documents/GITHUB/2025_Coffe_Project/scala_haversine_distance/src/main/scala/Main.scala. Using presentation compiler with project's scala-library version: 3.3.4
2025.01.03 23:46:12 INFO  no build target found for /Users/sightes/Documents/GITHUB/2025_Coffe_Project/scala_haversine_distance/src/main/scala/Main.scala. Using presentation compiler with project's scala-library version: 3.3.4
2025.01.03 23:46:12 INFO  no build target found for /Users/sightes/Documents/GITHUB/2025_Coffe_Project/scala_haversine_distance/src/main/scala/Main.scala. Using presentation compiler with project's scala-library version: 3.3.4
2025.01.03 23:46:13 INFO  no build target found for /Users/sightes/Documents/GITHUB/2025_Coffe_Project/scala_haversine_distance/src/main/scala/Main.scala. Using presentation compiler with project's scala-library version: 3.3.4
2025.01.03 23:46:13 INFO  no build target found for /Users/sightes/Documents/GITHUB/2025_Coffe_Project/scala_haversine_distance/src/main/scala/Main.scala. Using presentation compiler with project's scala-library version: 3.3.4
2025.01.03 23:46:13 INFO  no build target found for /Users/sightes/Documents/GITHUB/2025_Coffe_Project/scala_haversine_distance/src/main/scala/Main.scala. Using presentation compiler with project's scala-library version: 3.3.4
2025.01.03 23:46:13 INFO  no build target found for /Users/sightes/Documents/GITHUB/2025_Coffe_Project/scala_haversine_distance/src/main/scala/Main.scala. Using presentation compiler with project's scala-library version: 3.3.4
2025.01.03 23:46:13 INFO  no build target found for /Users/sightes/Documents/GITHUB/2025_Coffe_Project/scala_haversine_distance/src/main/scala/Main.scala. Using presentation compiler with project's scala-library version: 3.3.4
2025.01.03 23:46:14 INFO  no build target found for /Users/sightes/Documents/GITHUB/2025_Coffe_Project/scala_haversine_distance/src/main/scala/Main.scala. Using presentation compiler with project's scala-library version: 3.3.4
2025.01.03 23:46:13 INFO  no build target found for /Users/sightes/Documents/GITHUB/2025_Coffe_Project/scala_haversine_distance/src/main/scala/Main.scala. Using presentation compiler with project's scala-library version: 3.3.4
2025.01.03 23:46:13 INFO  no build target found for /Users/sightes/Documents/GITHUB/2025_Coffe_Project/scala_haversine_distance/src/main/scala/Main.scala. Using presentation compiler with project's scala-library version: 3.3.4
2025.01.03 23:46:14 INFO  no build target found for /Users/sightes/Documents/GITHUB/2025_Coffe_Project/scala_haversine_distance/src/main/scala/Main.scala. Using presentation compiler with project's scala-library version: 3.3.4
2025.01.03 23:46:15 INFO  no build target found for /Users/sightes/Documents/GITHUB/2025_Coffe_Project/scala_haversine_distance/src/main/scala/Main.scala. Using presentation compiler with project's scala-library version: 3.3.4
2025.01.03 23:46:14 INFO  no build target found for /Users/sightes/Documents/GITHUB/2025_Coffe_Project/scala_haversine_distance/src/main/scala/Main.scala. Using presentation compiler with project's scala-library version: 3.3.4
2025.01.03 23:46:15 INFO  no build target found for /Users/sightes/Documents/GITHUB/2025_Coffe_Project/scala_haversine_distance/src/main/scala/Main.scala. Using presentation compiler with project's scala-library version: 3.3.4
2025.01.03 23:46:14 INFO  no build target found for /Users/sightes/Documents/GITHUB/2025_Coffe_Project/scala_haversine_distance/src/main/scala/Main.scala. Using presentation compiler with project's scala-library version: 3.3.4
2025.01.03 23:46:16 INFO  no build target found for /Users/sightes/Documents/GITHUB/2025_Coffe_Project/scala_haversine_distance/src/main/scala/Main.scala. Using presentation compiler with project's scala-library version: 3.3.4
2025.01.03 23:46:16 INFO  no build target found for /Users/sightes/Documents/GITHUB/2025_Coffe_Project/scala_haversine_distance/src/main/scala/Main.scala. Using presentation compiler with project's scala-library version: 3.3.4
2025.01.03 23:46:16 INFO  no build target found for /Users/sightes/Documents/GITHUB/2025_Coffe_Project/scala_haversine_distance/src/main/scala/Main.scala. Using presentation compiler with project's scala-library version: 3.3.4
2025.01.03 23:46:18 INFO  no build target found for /Users/sightes/Documents/GITHUB/2025_Coffe_Project/scala_haversine_distance/src/main/scala/Main.scala. Using presentation compiler with project's scala-library version: 3.3.4
2025.01.03 23:46:20 INFO  no build target found for /Users/sightes/Documents/GITHUB/2025_Coffe_Project/scala_haversine_distance/src/main/scala/Main.scala. Using presentation compiler with project's scala-library version: 3.3.4
2025.01.03 23:46:32 INFO  no build target found for /Users/sightes/Documents/GITHUB/2025_Coffe_Project/scala_haversine_distance/src/main/scala/Main.scala. Using presentation compiler with project's scala-library version: 3.3.4
2025.01.03 23:46:32 INFO  no build target found for /Users/sightes/Documents/GITHUB/2025_Coffe_Project/scala_haversine_distance/src/main/scala/Main.scala. Using presentation compiler with project's scala-library version: 3.3.4
2025.01.03 23:46:38 INFO  no build target found for /Users/sightes/Documents/GITHUB/2025_Coffe_Project/scala_haversine_distance/src/main/scala/Main.scala. Using presentation compiler with project's scala-library version: 3.3.4
2025.01.03 23:46:42 INFO  no build target found for /Users/sightes/Documents/GITHUB/2025_Coffe_Project/scala_haversine_distance/src/main/scala/Main.scala. Using presentation compiler with project's scala-library version: 3.3.4
2025.01.03 23:46:44 WARN  no build target for: /Users/sightes/Documents/GITHUB/2025_Coffe_Project/scala_haversine_distance/src/main/scala/Main.scala
2025.01.03 23:46:44 INFO  no build target found for /Users/sightes/Documents/GITHUB/2025_Coffe_Project/scala_haversine_distance/src/main/scala/Main.scala. Using presentation compiler with project's scala-library version: 3.3.4
2025.01.03 23:46:44 INFO  no build target found for /Users/sightes/Documents/GITHUB/2025_Coffe_Project/scala_haversine_distance/src/main/scala/Main.scala. Using presentation compiler with project's scala-library version: 3.3.4
2025.01.03 23:48:18 INFO  no build target found for /Users/sightes/Documents/GITHUB/2025_Coffe_Project/scala_haversine_distance/src/main/scala/Main.scala. Using presentation compiler with project's scala-library version: 3.3.4
2025.01.03 23:48:18 INFO  no build target found for /Users/sightes/Documents/GITHUB/2025_Coffe_Project/scala_haversine_distance/src/main/scala/Main.scala. Using presentation compiler with project's scala-library version: 3.3.4
2025.01.03 23:48:19 INFO  no build target found for /Users/sightes/Documents/GITHUB/2025_Coffe_Project/scala_haversine_distance/src/main/scala/Main.scala. Using presentation compiler with project's scala-library version: 3.3.4
2025.01.03 23:48:19 WARN  Could not find semantic tokens for: file:///Users/sightes/Documents/GITHUB/2025_Coffe_Project/scala_haversine_distance/src/main/scala/Main.scala
2025.01.03 23:48:19 INFO  no build target found for /Users/sightes/Documents/GITHUB/2025_Coffe_Project/scala_haversine_distance/src/main/scala/Main.scala. Using presentation compiler with project's scala-library version: 3.3.4
2025.01.03 23:48:19 INFO  no build target found for /Users/sightes/Documents/GITHUB/2025_Coffe_Project/scala_haversine_distance/src/main/scala/Main.scala. Using presentation compiler with project's scala-library version: 3.3.4
2025.01.03 23:48:20 INFO  no build target found for /Users/sightes/Documents/GITHUB/2025_Coffe_Project/scala_haversine_distance/src/main/scala/Main.scala. Using presentation compiler with project's scala-library version: 3.3.4
2025.01.03 23:48:21 WARN  no build target for: /Users/sightes/Documents/GITHUB/2025_Coffe_Project/scala_haversine_distance/src/main/scala/Main.scala
2025.01.03 23:48:21 INFO  no build target found for /Users/sightes/Documents/GITHUB/2025_Coffe_Project/scala_haversine_distance/src/main/scala/Main.scala. Using presentation compiler with project's scala-library version: 3.3.4
2025.01.03 23:48:21 INFO  no build target found for /Users/sightes/Documents/GITHUB/2025_Coffe_Project/scala_haversine_distance/src/main/scala/Main.scala. Using presentation compiler with project's scala-library version: 3.3.4
2025.01.03 23:48:53 INFO  no build target found for /Users/sightes/Documents/GITHUB/2025_Coffe_Project/scala_haversine_distance/src/main/scala/Main.scala. Using presentation compiler with project's scala-library version: 3.3.4
2025.01.03 23:48:53 INFO  no build target found for /Users/sightes/Documents/GITHUB/2025_Coffe_Project/scala_haversine_distance/src/main/scala/Main.scala. Using presentation compiler with project's scala-library version: 3.3.4
2025.01.03 23:49:30 INFO  no build target found for /Users/sightes/Documents/GITHUB/2025_Coffe_Project/scala_haversine_distance/src/main/scala/Main.scala. Using presentation compiler with project's scala-library version: 3.3.4
2025.01.03 23:49:30 INFO  no build target found for /Users/sightes/Documents/GITHUB/2025_Coffe_Project/scala_haversine_distance/src/main/scala/Main.scala. Using presentation compiler with project's scala-library version: 3.3.4
2025.01.03 23:49:30 INFO  no build target found for /Users/sightes/Documents/GITHUB/2025_Coffe_Project/scala_haversine_distance/src/main/scala/Main.scala. Using presentation compiler with project's scala-library version: 3.3.4
2025.01.03 23:49:30 INFO  no build target found for /Users/sightes/Documents/GITHUB/2025_Coffe_Project/scala_haversine_distance/src/main/scala/Main.scala. Using presentation compiler with project's scala-library version: 3.3.4
2025.01.03 23:49:30 INFO  no build target found for /Users/sightes/Documents/GITHUB/2025_Coffe_Project/scala_haversine_distance/src/main/scala/Main.scala. Using presentation compiler with project's scala-library version: 3.3.4
2025.01.03 23:49:32 INFO  no build target found for /Users/sightes/Documents/GITHUB/2025_Coffe_Project/scala_haversine_distance/src/main/scala/Main.scala. Using presentation compiler with project's scala-library version: 3.3.4
2025.01.03 23:49:32 INFO  no build target found for /Users/sightes/Documents/GITHUB/2025_Coffe_Project/scala_haversine_distance/src/main/scala/Main.scala. Using presentation compiler with project's scala-library version: 3.3.4
2025.01.03 23:49:32 INFO  no build target found for /Users/sightes/Documents/GITHUB/2025_Coffe_Project/scala_haversine_distance/src/main/scala/Main.scala. Using presentation compiler with project's scala-library version: 3.3.4
2025.01.03 23:49:33 INFO  no build target found for /Users/sightes/Documents/GITHUB/2025_Coffe_Project/scala_haversine_distance/src/main/scala/Main.scala. Using presentation compiler with project's scala-library version: 3.3.4
2025.01.03 23:50:12 INFO  no build target found for /Users/sightes/Documents/GITHUB/2025_Coffe_Project/scala_haversine_distance/build.sbt. Using presentation compiler with project's scala-library version: 3.3.4
2025.01.03 23:50:12 INFO  no build target found for /Users/sightes/Documents/GITHUB/2025_Coffe_Project/scala_haversine_distance/build.sbt. Using presentation compiler with project's scala-library version: 3.3.4
2025.01.03 23:50:12 WARN  Could not find semantic tokens for: file:///Users/sightes/Documents/GITHUB/2025_Coffe_Project/scala_haversine_distance/build.sbt
2025.01.03 23:50:15 INFO  no build target found for /Users/sightes/Documents/GITHUB/2025_Coffe_Project/scala_haversine_distance/build.sbt. Using presentation compiler with project's scala-library version: 3.3.4
2025.01.03 23:50:15 INFO  no build target found for /Users/sightes/Documents/GITHUB/2025_Coffe_Project/scala_haversine_distance/build.sbt. Using presentation compiler with project's scala-library version: 3.3.4
2025.01.03 23:50:15 INFO  no build target found for /Users/sightes/Documents/GITHUB/2025_Coffe_Project/scala_haversine_distance/build.sbt. Using presentation compiler with project's scala-library version: 3.3.4
2025.01.03 23:50:15 INFO  no build target found for /Users/sightes/Documents/GITHUB/2025_Coffe_Project/scala_haversine_distance/build.sbt. Using presentation compiler with project's scala-library version: 3.3.4
2025.01.03 23:50:16 INFO  no build target found for /Users/sightes/Documents/GITHUB/2025_Coffe_Project/scala_haversine_distance/build.sbt. Using presentation compiler with project's scala-library version: 3.3.4
2025.01.03 23:50:16 WARN  Could not find semantic tokens for: file:///Users/sightes/Documents/GITHUB/2025_Coffe_Project/scala_haversine_distance/build.sbt
2025.01.03 23:50:18 WARN  no build target for: /Users/sightes/Documents/GITHUB/2025_Coffe_Project/scala_haversine_distance/build.sbt
2025.01.03 23:50:18 INFO  no build target found for /Users/sightes/Documents/GITHUB/2025_Coffe_Project/scala_haversine_distance/build.sbt. Using presentation compiler with project's scala-library version: 3.3.4
2025.01.03 23:50:18 WARN  Could not find semantic tokens for: file:///Users/sightes/Documents/GITHUB/2025_Coffe_Project/scala_haversine_distance/build.sbt
2025.01.03 23:50:19 INFO  no build target found for /Users/sightes/Documents/GITHUB/2025_Coffe_Project/scala_haversine_distance/src/main/scala/Main.scala. Using presentation compiler with project's scala-library version: 3.3.4
2025.01.03 23:50:19 INFO  no build target found for /Users/sightes/Documents/GITHUB/2025_Coffe_Project/scala_haversine_distance/src/main/scala/Main.scala. Using presentation compiler with project's scala-library version: 3.3.4
2025.01.03 23:50:20 INFO  no build target found for /Users/sightes/Documents/GITHUB/2025_Coffe_Project/scala_haversine_distance/src/main/scala/Main.scala. Using presentation compiler with project's scala-library version: 3.3.4
2025.01.03 23:51:02 INFO  no build target found for /Users/sightes/Documents/GITHUB/2025_Coffe_Project/scala_haversine_distance/src/main/scala/Main.scala. Using presentation compiler with project's scala-library version: 3.3.4
2025.01.03 23:51:02 INFO  no build target found for /Users/sightes/Documents/GITHUB/2025_Coffe_Project/scala_haversine_distance/src/main/scala/Main.scala. Using presentation compiler with project's scala-library version: 3.3.4
2025.01.03 23:51:03 INFO  no build target found for /Users/sightes/Documents/GITHUB/2025_Coffe_Project/scala_haversine_distance/src/main/scala/Main.scala. Using presentation compiler with project's scala-library version: 3.3.4
2025.01.03 23:51:03 INFO  no build target found for /Users/sightes/Documents/GITHUB/2025_Coffe_Project/scala_haversine_distance/src/main/scala/Main.scala. Using presentation compiler with project's scala-library version: 3.3.4
2025.01.03 23:51:04 INFO  no build target found for /Users/sightes/Documents/GITHUB/2025_Coffe_Project/scala_haversine_distance/src/main/scala/Main.scala. Using presentation compiler with project's scala-library version: 3.3.4
2025.01.03 23:51:04 WARN  Could not find semantic tokens for: file:///Users/sightes/Documents/GITHUB/2025_Coffe_Project/scala_haversine_distance/src/main/scala/Main.scala
2025.01.03 23:51:03 INFO  no build target found for /Users/sightes/Documents/GITHUB/2025_Coffe_Project/scala_haversine_distance/src/main/scala/Main.scala. Using presentation compiler with project's scala-library version: 3.3.4
2025.01.03 23:51:05 INFO  no build target found for /Users/sightes/Documents/GITHUB/2025_Coffe_Project/scala_haversine_distance/src/main/scala/Main.scala. Using presentation compiler with project's scala-library version: 3.3.4
2025.01.03 23:51:05 INFO  no build target found for /Users/sightes/Documents/GITHUB/2025_Coffe_Project/scala_haversine_distance/src/main/scala/Main.scala. Using presentation compiler with project's scala-library version: 3.3.4
2025.01.03 23:51:06 WARN  no build target for: /Users/sightes/Documents/GITHUB/2025_Coffe_Project/scala_haversine_distance/src/main/scala/Main.scala
2025.01.03 23:51:06 INFO  no build target found for /Users/sightes/Documents/GITHUB/2025_Coffe_Project/scala_haversine_distance/src/main/scala/Main.scala. Using presentation compiler with project's scala-library version: 3.3.4
2025.01.03 23:51:06 INFO  no build target found for /Users/sightes/Documents/GITHUB/2025_Coffe_Project/scala_haversine_distance/src/main/scala/Main.scala. Using presentation compiler with project's scala-library version: 3.3.4
